<?xml version="1.0" encoding="UTF-8" ?>
<testsuite 
errors="0" failures="0" hostname="kvadla.jf.intel.com" name="tensorflow.TensorFlowTest" tests="5" time="4.947" timestamp="2017-01-25T11:37:37">
  <properties>
[...]
</properties>
  <testcase 
  name="Spark-tk TensorFlow module should Test Import/Export" classname="tensorflow.TensorFlowTest" time="2.802">
</testcase>
  <testcase 
  name="Spark-tk TensorFlow module should Encode given Row as TensorFlow example" classname="tensorflow.TensorFlowTest" time="0.006">
</testcase>
  <testcase 
  name="Spark-tk TensorFlow module should Throw null pointer exception for a vector with null values during Encode" classname="tensorflow.TensorFlowTest" time="0.0">
</testcase>
  <testcase 
  name="Spark-tk TensorFlow module should Decode given TensorFlow Example as Row" classname="tensorflow.TensorFlowTest" time="0.002">
</testcase>
  <testcase 
  name="Spark-tk TensorFlow module should Check infer schema" classname="tensorflow.TensorFlowTest" time="0.02">
</testcase>
  <system-out><![CDATA[]]></system-out>
  <system-err><![CDATA[]]></system-err>
</testsuite>
